<?xml version="1.0" encoding="UTF-8"?>
<!-- Generated by org.testng.reporters.JUnitXMLReporter -->
<testsuite hostname="HIBAMP51556" ignored="0" name="cameLotMobile" tests="1" failures="1" timestamp="08 Aug 2018 11:43:10 GMT" time="25.605" errors="0">
  <testcase name="test" time="0.452" classname="cameLot.testscripts.CameLotTestScripts">
    <failure type="java.lang.AssertionError" message="The following asserts failed:
	Expected Not matched expected [4] but found [5]">
      <![CDATA[java.lang.AssertionError: The following asserts failed:
Expected Not matched expected [4] but found [5]
at com.cameLot.utilities.Utils$TestSoftAssert.assertAll(Utils.java:64)
at cameLot.testscripts.CameLotTestScripts.test(CameLotTestScripts.java:42)
... Removed 26 stack frames]]>
    </failure>
  </testcase> <!-- test -->
</testsuite> <!-- cameLotMobile -->
