<?xml version="1.0" encoding="UTF-8"?>
<testng-results skipped="0" failed="1" ignored="0" total="1" passed="0">
  <reporter-output>
  </reporter-output>
  <suite name="cameLotMobile" duration-ms="25605" started-at="2018-08-08T11:42:44Z" finished-at="2018-08-08T11:43:10Z">
    <groups>
    </groups>
    <test name="cameLotMobile" duration-ms="25605" started-at="2018-08-08T11:42:44Z" finished-at="2018-08-08T11:43:10Z">
      <class name="cameLot.testscripts.CameLotTestScripts">
        <test-method status="PASS" signature="setFiles()[pri:0, instance:cameLot.testscripts.CameLotTestScripts@5dafbe45]" name="setFiles" is-config="true" duration-ms="60" started-at="2018-08-08T11:42:44Z" finished-at="2018-08-08T11:42:44Z">
          <reporter-output>
          </reporter-output>
        </test-method> <!-- setFiles -->
        <test-method status="PASS" signature="beforeMethod(java.lang.String, java.lang.reflect.Method)[pri:0, instance:cameLot.testscripts.CameLotTestScripts@5dafbe45]" name="beforeMethod" is-config="true" duration-ms="23979" started-at="2018-08-08T11:42:44Z" finished-at="2018-08-08T11:43:08Z">
          <params>
            <param index="0">
              <value>
                <![CDATA[prod]]>
              </value>
            </param>
            <param index="1">
              <value>
                <![CDATA[public void cameLot.testscripts.CameLotTestScripts.test()]]>
              </value>
            </param>
          </params>
          <reporter-output>
          </reporter-output>
        </test-method> <!-- beforeMethod -->
        <test-method status="FAIL" signature="test()[pri:0, instance:cameLot.testscripts.CameLotTestScripts@5dafbe45]" name="test" duration-ms="452" started-at="2018-08-08T11:43:08Z" finished-at="2018-08-08T11:43:09Z">
          <exception class="java.lang.AssertionError">
            <message>
              <![CDATA[The following asserts failed:
Expected Not matched expected [4] but found [5]]]>
            </message>
            <full-stacktrace>
              <![CDATA[java.lang.AssertionError: The following asserts failed:
Expected Not matched expected [4] but found [5]
at org.testng.asserts.SoftAssert.assertAll(SoftAssert.java:43)
at com.cameLot.utilities.Utils$TestSoftAssert.assertAll(Utils.java:64)
at cameLot.testscripts.CameLotTestScripts.test(CameLotTestScripts.java:42)
at sun.reflect.NativeMethodAccessorImpl.invoke0(Native Method)
at sun.reflect.NativeMethodAccessorImpl.invoke(Unknown Source)
at sun.reflect.DelegatingMethodAccessorImpl.invoke(Unknown Source)
at java.lang.reflect.Method.invoke(Unknown Source)
at org.testng.internal.MethodInvocationHelper.invokeMethod(MethodInvocationHelper.java:124)
at org.testng.internal.Invoker.invokeMethod(Invoker.java:580)
at org.testng.internal.Invoker.invokeTestMethod(Invoker.java:716)
at org.testng.internal.Invoker.invokeTestMethods(Invoker.java:988)
at org.testng.internal.TestMethodWorker.invokeTestMethods(TestMethodWorker.java:125)
at org.testng.internal.TestMethodWorker.run(TestMethodWorker.java:109)
at org.testng.TestRunner.privateRun(TestRunner.java:648)
at org.testng.TestRunner.run(TestRunner.java:505)
at org.testng.SuiteRunner.runTest(SuiteRunner.java:455)
at org.testng.SuiteRunner.runSequentially(SuiteRunner.java:450)
at org.testng.SuiteRunner.privateRun(SuiteRunner.java:415)
at org.testng.SuiteRunner.run(SuiteRunner.java:364)
at org.testng.SuiteRunnerWorker.runSuite(SuiteRunnerWorker.java:52)
at org.testng.SuiteRunnerWorker.run(SuiteRunnerWorker.java:84)
at org.testng.TestNG.runSuitesSequentially(TestNG.java:1208)
at org.testng.TestNG.runSuitesLocally(TestNG.java:1137)
at org.testng.TestNG.runSuites(TestNG.java:1049)
at org.testng.TestNG.run(TestNG.java:1017)
at org.testng.remote.AbstractRemoteTestNG.run(AbstractRemoteTestNG.java:114)
at org.testng.remote.RemoteTestNG.initAndRun(RemoteTestNG.java:251)
at org.testng.remote.RemoteTestNG.main(RemoteTestNG.java:77)
]]>
            </full-stacktrace>
          </exception> <!-- java.lang.AssertionError -->
          <reporter-output>
          </reporter-output>
        </test-method> <!-- test -->
      </class> <!-- cameLot.testscripts.CameLotTestScripts -->
    </test> <!-- cameLotMobile -->
  </suite> <!-- cameLotMobile -->
</testng-results>
